#
# A fatal error has been detected by the Java Runtime Environment:
#
#  EXCEPTION_ACCESS_VIOLATION (0xc0000005) at pc=0x000000006343778f, pid=2972, tid=1012
#
# JRE version: Java(TM) SE Runtime Environment (8.0_65-b17) (build 1.8.0_65-b17)
# Java VM: Java HotSpot(TM) 64-Bit Server VM (25.65-b01 mixed mode windows-amd64 compressed oops)
# Problematic frame:
# V  [jvm.dll+0x49778f]
#
# Failed to write core dump. Minidumps are not enabled by default on client versions of Windows
#
# If you would like to submit a bug report, please visit:
#   http://bugreport.java.com/bugreport/crash.jsp
#

---------------  T H R E A D  ---------------

Current thread (0x0000000054c61800):  JavaThread "C2 CompilerThread0" daemon [_thread_in_native, id=1012, stack(0x0000000055f10000,0x0000000056010000)]

siginfo: ExceptionCode=0xc0000005, reading address 0x0000100056edece8

Registers:
RAX=0x000000005645e360, RBX=0x0000000000000007, RCX=0x0000100056edecc0, RDX=0x0000000000000008
RSP=0x000000005600c610, RBP=0x000000005600c710, RSI=0x000000005600cbe0, RDI=0x0000000000000000
R8 =0x000000005600c760, R9 =0x00000000000000e0, R10=0x0000000000000007, R11=0x000000005600c5e0
R12=0x0000000000000001, R13=0x00000000561c0c10, R14=0x0000000000000008, R15=0x00000000000f423f
RIP=0x000000006343778f, EFLAGS=0x0000000000010212

Top of Stack: (sp=0x000000005600c610)
0x000000005600c610:   000000005600c710 0000000000000005
0x000000005600c620:   000000005600c710 0000000000000000
0x000000005600c630:   0000000600000000 0000000000000007
0x000000005600c640:   0000000056c9f328 0000000000000000
0x000000005600c650:   000001da00000006 0000000000000000
0x000000005600c660:   0000000005155455 0000000000000000
0x000000005600c670:   0000000000000000 0000000000000000
0x000000005600c680:   0000000000000000 0000000700000000
0x000000005600c690:   0303030300000008 0000000056448f80
0x000000005600c6a0:   0000000000000007 000000005600c770
0x000000005600c6b0:   0000000000000007 000000005600c760
0x000000005600c6c0:   0000000000000007 0000000000000002
0x000000005600c6d0:   0000000000300000 0000000000000000
0x000000005600c6e0:   0000000000000000 0000000000000000
0x000000005600c6f0:   0000000000000000 00000000000001da
0x000000005600c700:   c000000000000000 00000000561c0c10 

Instructions: (pc=0x000000006343778f)
0x000000006343776f:   49 c1 e6 03 66 66 66 66 66 0f 1f 84 00 00 00 00
0x000000006343777f:   00 48 8b 40 08 49 8b 0c 06 48 8b 86 28 01 00 00
0x000000006343778f:   48 63 51 28 8b 3c 90 85 ff 0f 84 6e 01 00 00 48
0x000000006343779f:   8b 85 60 01 00 00 8b df 8b f7 48 8b 40 70 48 6b 


Register to memory mapping:

RAX=0x000000005645e360 is an unknown value
RBX=0x0000000000000007 is an unknown value
RCX=0x0000100056edecc0 is an unknown value
RDX=0x0000000000000008 is an unknown value
RSP=0x000000005600c610 is pointing into the stack for thread: 0x0000000054c61800
RBP=0x000000005600c710 is pointing into the stack for thread: 0x0000000054c61800
RSI=0x000000005600cbe0 is pointing into the stack for thread: 0x0000000054c61800
RDI=0x0000000000000000 is an unknown value
R8 =0x000000005600c760 is pointing into the stack for thread: 0x0000000054c61800
R9 =0x00000000000000e0 is an unknown value
R10=0x0000000000000007 is an unknown value
R11=0x000000005600c5e0 is pointing into the stack for thread: 0x0000000054c61800
R12=0x0000000000000001 is an unknown value
R13=0x00000000561c0c10 is an unknown value
R14=0x0000000000000008 is an unknown value
R15=0x00000000000f423f is an unknown value


Stack: [0x0000000055f10000,0x0000000056010000],  sp=0x000000005600c610,  free space=1009k
Native frames: (J=compiled Java code, j=interpreted, Vv=VM code, C=native code)
V  [jvm.dll+0x49778f]
V  [jvm.dll+0x462678]
V  [jvm.dll+0x46d52b]
V  [jvm.dll+0x46fb42]
V  [jvm.dll+0x452cc2]
V  [jvm.dll+0xa4672]
V  [jvm.dll+0xa4faf]
V  [jvm.dll+0x243144]
V  [jvm.dll+0x299f7a]
C  [msvcr100.dll+0x21d9f]
C  [msvcr100.dll+0x21e3b]
C  [kernel32.dll+0x1652d]
C  [ntdll.dll+0x2c521]


Current CompileTask:
C2:   5235  619       4       com.Teamic.GameWorld.GameRenderer::render (121 bytes)


---------------  P R O C E S S  ---------------

Java Threads: ( => current thread )
  0x0000000056d88800 JavaThread "LWJGL Timer" daemon [_thread_blocked, id=2308, stack(0x000000005a600000,0x000000005a700000)]
  0x000000000042e000 JavaThread "DestroyJavaVM" [_thread_blocked, id=4400, stack(0x00000000024d0000,0x00000000025d0000)]
  0x000000005643d800 JavaThread "LWJGL Application" [_thread_in_native, id=1792, stack(0x00000000569e0000,0x0000000056ae0000)]
  0x0000000054ccb800 JavaThread "Service Thread" daemon [_thread_blocked, id=2292, stack(0x0000000056580000,0x0000000056680000)]
  0x0000000054cc6000 JavaThread "C1 CompilerThread1" daemon [_thread_blocked, id=880, stack(0x0000000056020000,0x0000000056120000)]
=>0x0000000054c61800 JavaThread "C2 CompilerThread0" daemon [_thread_in_native, id=1012, stack(0x0000000055f10000,0x0000000056010000)]
  0x0000000054c60000 JavaThread "Attach Listener" daemon [_thread_blocked, id=4024, stack(0x0000000055d60000,0x0000000055e60000)]
  0x0000000054c71800 JavaThread "Signal Dispatcher" daemon [_thread_blocked, id=2700, stack(0x0000000055b70000,0x0000000055c70000)]
  0x0000000054c06800 JavaThread "Finalizer" daemon [_thread_blocked, id=4864, stack(0x00000000559d0000,0x0000000055ad0000)]
  0x0000000054c03000 JavaThread "Reference Handler" daemon [_thread_blocked, id=2112, stack(0x0000000055810000,0x0000000055910000)]

Other Threads:
  0x0000000054bfd000 VMThread [stack: 0x00000000555f0000,0x00000000556f0000] [id=2420]
  0x0000000056124800 WatcherThread [stack: 0x00000000566a0000,0x00000000567a0000] [id=3868]

VM state:not at safepoint (normal execution)

VM Mutex/Monitor currently owned by a thread: None

Heap:
 PSYoungGen      total 17920K, used 13115K [0x00000000ec600000, 0x00000000eda00000, 0x0000000100000000)
  eden space 15360K, 85% used [0x00000000ec600000,0x00000000ed2ced50,0x00000000ed500000)
  from space 2560K, 0% used [0x00000000ed780000,0x00000000ed780000,0x00000000eda00000)
  to   space 2560K, 0% used [0x00000000ed500000,0x00000000ed500000,0x00000000ed780000)
 ParOldGen       total 40960K, used 0K [0x00000000c5200000, 0x00000000c7a00000, 0x00000000ec600000)
  object space 40960K, 0% used [0x00000000c5200000,0x00000000c5200000,0x00000000c7a00000)
 Metaspace       used 5817K, capacity 6646K, committed 6784K, reserved 1056768K
  class space    used 544K, capacity 592K, committed 640K, reserved 1048576K

Card table byte_map: [0x0000000011c60000,0x0000000011e40000] byte_map_base: 0x0000000011637000

Marking Bits: (ParMarkBitMap*) 0x00000000637aa5b0
 Begin Bits: [0x0000000012380000, 0x0000000013238000)
 End Bits:   [0x0000000013238000, 0x00000000140f0000)

Polling page: 0x0000000000130000

CodeCache: size=245760Kb used=2920Kb max_used=2920Kb free=242839Kb
 bounds [0x00000000028a0000, 0x0000000002b80000, 0x00000000118a0000]
 total_blobs=1043 nmethods=624 adapters=333
 compilation: enabled

Compilation events (10 events):
Event: 4.956 Thread 0x0000000054cc6000 nmethod 616 0x0000000002b6f110 code [0x0000000002b6f2e0, 0x0000000002b6f8b8]
Event: 4.956 Thread 0x0000000054cc6000  617       3       com.badlogic.gdx.graphics.glutils.ImmediateModeRenderer10::begin (45 bytes)
Event: 4.959 Thread 0x0000000054cc6000 nmethod 617 0x0000000002b6fbd0 code [0x0000000002b70060, 0x0000000002b72648]
Event: 4.959 Thread 0x0000000054cc6000  618       3       com.badlogic.gdx.backends.lwjgl.LwjglGL10::glLoadIdentity (4 bytes)
Event: 4.960 Thread 0x0000000054cc6000 nmethod 618 0x0000000002b74650 code [0x0000000002b74840, 0x0000000002b74fb8]
Event: 4.971 Thread 0x0000000054c61800  619       4       com.Teamic.GameWorld.GameRenderer::render (121 bytes)
Event: 5.086 Thread 0x0000000054cc6000  620       3       com.Teamic.GameObjects.Movable::update (285 bytes)
Event: 5.088 Thread 0x0000000054cc6000 nmethod 620 0x0000000002b75450 code [0x0000000002b757a0, 0x0000000002b76bf8]
Event: 5.118 Thread 0x0000000054cc6000  621       3       com.Teamic.GameObjects.Movable::checkMove (330 bytes)
Event: 5.120 Thread 0x0000000054cc6000 nmethod 621 0x0000000002b771d0 code [0x0000000002b77580, 0x0000000002b796f8]

GC Heap History (0 events):
No events

Deoptimization events (0 events):
No events

Internal exceptions (10 events):
Event: 0.265 Thread 0x000000000042e000 Exception <a 'org/lwjgl/LWJGLException'> (0x00000000ec8da940) thrown at [C:\workspace\8-2-build-windows-amd64-cygwin\jdk8u65\4987\hotspot\src\share\vm\prims\jni.cpp, line 709]
Event: 0.265 Thread 0x000000000042e000 Exception <a 'org/lwjgl/LWJGLException'> (0x00000000ec8daf78) thrown at [C:\workspace\8-2-build-windows-amd64-cygwin\jdk8u65\4987\hotspot\src\share\vm\prims\jni.cpp, line 709]
Event: 0.265 Thread 0x000000000042e000 Exception <a 'org/lwjgl/LWJGLException'> (0x00000000ec8db588) thrown at [C:\workspace\8-2-build-windows-amd64-cygwin\jdk8u65\4987\hotspot\src\share\vm\prims\jni.cpp, line 709]
Event: 0.265 Thread 0x000000000042e000 Exception <a 'org/lwjgl/LWJGLException'> (0x00000000ec8dbb10) thrown at [C:\workspace\8-2-build-windows-amd64-cygwin\jdk8u65\4987\hotspot\src\share\vm\prims\jni.cpp, line 709]
Event: 0.265 Thread 0x000000000042e000 Exception <a 'org/lwjgl/LWJGLException'> (0x00000000ec8dc140) thrown at [C:\workspace\8-2-build-windows-amd64-cygwin\jdk8u65\4987\hotspot\src\share\vm\prims\jni.cpp, line 709]
Event: 0.265 Thread 0x000000000042e000 Exception <a 'org/lwjgl/LWJGLException'> (0x00000000ec8dc6f0) thrown at [C:\workspace\8-2-build-windows-amd64-cygwin\jdk8u65\4987\hotspot\src\share\vm\prims\jni.cpp, line 709]
Event: 0.265 Thread 0x000000000042e000 Exception <a 'org/lwjgl/LWJGLException'> (0x00000000ec8dcc70) thrown at [C:\workspace\8-2-build-windows-amd64-cygwin\jdk8u65\4987\hotspot\src\share\vm\prims\jni.cpp, line 709]
Event: 0.266 Thread 0x000000000042e000 Exception <a 'org/lwjgl/LWJGLException'> (0x00000000ec8dd160) thrown at [C:\workspace\8-2-build-windows-amd64-cygwin\jdk8u65\4987\hotspot\src\share\vm\prims\jni.cpp, line 709]
Event: 0.266 Thread 0x000000000042e000 Exception <a 'org/lwjgl/LWJGLException'> (0x00000000ec8dd628) thrown at [C:\workspace\8-2-build-windows-amd64-cygwin\jdk8u65\4987\hotspot\src\share\vm\prims\jni.cpp, line 709]
Event: 0.266 Thread 0x000000000042e000 Exception <a 'org/lwjgl/LWJGLException'> (0x00000000ec8ddc98) thrown at [C:\workspace\8-2-build-windows-amd64-cygwin\jdk8u65\4987\hotspot\src\share\vm\prims\jni.cpp, line 709]

Events (10 events):
Event: 3.741 loading class com/Teamic/Helpers/Random
Event: 3.741 loading class com/Teamic/Helpers/Random done
Event: 3.742 loading class com/Teamic/GameObjects/Effect
Event: 3.742 loading class com/Teamic/GameObjects/Effect done
Event: 3.939 Thread 0x000000005643d800 DEOPT PACKING pc=0x0000000002af0ccf sp=0x0000000056adecb0
Event: 3.939 Thread 0x000000005643d800 DEOPT UNPACKING pc=0x00000000028e747f sp=0x0000000056adea58 mode 0
Event: 4.233 Executing VM operation: EnableBiasedLocking
Event: 4.233 Executing VM operation: EnableBiasedLocking done
Event: 4.971 Thread 0x000000005643d800 DEOPT PACKING pc=0x0000000002b04567 sp=0x0000000056aded90
Event: 4.971 Thread 0x000000005643d800 DEOPT UNPACKING pc=0x00000000028e747f sp=0x0000000056adeba0 mode 0


Dynamic libraries:
0x000000013fc70000 - 0x000000013fca7000 	C:\Program Files\Java\jdk1.8.0_65\bin\javaw.exe
0x0000000077390000 - 0x0000000077539000 	C:\Windows\SYSTEM32\ntdll.dll
0x0000000077270000 - 0x000000007738f000 	C:\Windows\system32\kernel32.dll
0x000007fefd520000 - 0x000007fefd58b000 	C:\Windows\system32\KERNELBASE.dll
0x000007fefd8f0000 - 0x000007fefd9cb000 	C:\Windows\system32\ADVAPI32.dll
0x000007feff3a0000 - 0x000007feff43f000 	C:\Windows\system32\msvcrt.dll
0x000007feff380000 - 0x000007feff39f000 	C:\Windows\SYSTEM32\sechost.dll
0x000007fefe180000 - 0x000007fefe2ad000 	C:\Windows\system32\RPCRT4.dll
0x0000000077170000 - 0x000000007726a000 	C:\Windows\system32\USER32.dll
0x000007fefda30000 - 0x000007fefda97000 	C:\Windows\system32\GDI32.dll
0x000007fefe540000 - 0x000007fefe54e000 	C:\Windows\system32\LPK.dll
0x000007fefdb20000 - 0x000007fefdbe9000 	C:\Windows\system32\USP10.dll
0x000007fefbb20000 - 0x000007fefbd14000 	C:\Windows\WinSxS\amd64_microsoft.windows.common-controls_6595b64144ccf1df_6.0.7601.17514_none_fa396087175ac9ac\COMCTL32.dll
0x000007fefdef0000 - 0x000007fefdf61000 	C:\Windows\system32\SHLWAPI.dll
0x000007fefd8c0000 - 0x000007fefd8ee000 	C:\Windows\system32\IMM32.DLL
0x000007fefd7b0000 - 0x000007fefd8b9000 	C:\Windows\system32\MSCTF.dll
0x0000000068ef0000 - 0x0000000068fc2000 	C:\Program Files\Java\jdk1.8.0_65\jre\bin\msvcr100.dll
0x0000000062fa0000 - 0x0000000063829000 	C:\Program Files\Java\jdk1.8.0_65\jre\bin\server\jvm.dll
0x000007fef2b00000 - 0x000007fef2b09000 	C:\Windows\system32\WSOCK32.dll
0x000007fefdd20000 - 0x000007fefdd6d000 	C:\Windows\system32\WS2_32.dll
0x000007fefe2b0000 - 0x000007fefe2b8000 	C:\Windows\system32\NSI.dll
0x000007fef9530000 - 0x000007fef956b000 	C:\Windows\system32\WINMM.dll
0x000007fefc440000 - 0x000007fefc44c000 	C:\Windows\system32\VERSION.dll
0x0000000077550000 - 0x0000000077557000 	C:\Windows\system32\PSAPI.DLL
0x0000000074ef0000 - 0x0000000074eff000 	C:\Program Files\Java\jdk1.8.0_65\jre\bin\verify.dll
0x0000000074ec0000 - 0x0000000074ee9000 	C:\Program Files\Java\jdk1.8.0_65\jre\bin\java.dll
0x0000000074ea0000 - 0x0000000074eb6000 	C:\Program Files\Java\jdk1.8.0_65\jre\bin\zip.dll
0x000007fefe550000 - 0x000007feff2d8000 	C:\Windows\system32\SHELL32.dll
0x000007fefdf70000 - 0x000007fefe173000 	C:\Windows\system32\ole32.dll
0x000007fefd2e0000 - 0x000007fefd2ef000 	C:\Windows\system32\profapi.dll
0x0000000065580000 - 0x0000000065610000 	C:\Users\skeezer\AppData\Local\Temp\libgdxskeezer\5498721d\gdx64.dll
0x0000000180000000 - 0x0000000180050000 	C:\Users\skeezer\AppData\Local\Temp\libgdxskeezer\4c88a7c1\lwjgl64.dll
0x000007fef2eb0000 - 0x000007fef2fcd000 	C:\Windows\system32\OPENGL32.dll
0x000007fef4e20000 - 0x000007fef4e4d000 	C:\Windows\system32\GLU32.dll
0x000007fef2730000 - 0x000007fef2821000 	C:\Windows\system32\DDRAW.dll
0x000007fef4ef0000 - 0x000007fef4ef8000 	C:\Windows\system32\DCIMAN32.dll
0x000007fefe2c0000 - 0x000007fefe497000 	C:\Windows\system32\SETUPAPI.dll
0x000007fefd630000 - 0x000007fefd666000 	C:\Windows\system32\CFGMGR32.dll
0x000007fefd6b0000 - 0x000007fefd787000 	C:\Windows\system32\OLEAUT32.dll
0x000007fefd500000 - 0x000007fefd51a000 	C:\Windows\system32\DEVOBJ.dll
0x000007fefb0e0000 - 0x000007fefb0f8000 	C:\Windows\system32\dwmapi.dll
0x00000000003b0000 - 0x0000000000414000 	C:\Users\skeezer\AppData\Local\Temp\libgdxskeezer\4c88a7c1\OpenAL64.dll
0x000007fefd1d0000 - 0x000007fefd1df000 	C:\Windows\system32\CRYPTBASE.dll
0x000007fefe4a0000 - 0x000007fefe539000 	C:\Windows\system32\CLBCatQ.DLL
0x000007fefb9f0000 - 0x000007fefbb1c000 	C:\Windows\System32\PROPSYS.dll
0x000007fefd670000 - 0x000007fefd6aa000 	C:\Windows\system32\WINTRUST.dll
0x000007fefd390000 - 0x000007fefd4f7000 	C:\Windows\system32\CRYPT32.dll
0x000007fefd380000 - 0x000007fefd38f000 	C:\Windows\system32\MSASN1.dll
0x000007fef3c60000 - 0x000007fef3ce8000 	C:\Windows\system32\dsound.dll
0x000007fefbd70000 - 0x000007fefbd9c000 	C:\Windows\system32\POWRPROF.dll
0x0000000057340000 - 0x00000000581b7000 	C:\Windows\system32\ig4icd64.dll
0x000007fef1eb0000 - 0x000007fef1f4c000 	C:\Windows\system32\mscms.dll
0x000007fefc630000 - 0x000007fefc64e000 	C:\Windows\system32\USERENV.dll
0x000007fef3e30000 - 0x000007fef3e72000 	C:\Windows\system32\icm32.dll
0x000007fef84f0000 - 0x000007fef8615000 	C:\Windows\system32\dbghelp.dll

VM Arguments:
jvm_args: -Dfile.encoding=Cp1252 
java_command: com.Teamic.SantaSlay.Main
java_class_path (initial): C:\Users\skeezer\Desktop\SantaSlayWorkspace\code\SantaSlay-desktop\bin;C:\Users\skeezer\Desktop\SantaSlayWorkspace\code\SantaSlay\bin;C:\Users\skeezer\Desktop\SantaSlayWorkspace\code\SantaSlay\libs\gdx.jar;C:\Users\skeezer\Desktop\SantaSlayWorkspace\code\SantaSlay-desktop\libs\gdx-backend-lwjgl.jar;C:\Users\skeezer\Desktop\SantaSlayWorkspace\code\SantaSlay-desktop\libs\gdx-backend-lwjgl-natives.jar;C:\Users\skeezer\Desktop\SantaSlayWorkspace\code\SantaSlay-desktop\libs\gdx-natives.jar
Launcher Type: SUN_STANDARD

Environment Variables:
PATH=C:/Program Files/Java/jdk1.8.0_65/jre/bin/server;C:/Program Files/Java/jdk1.8.0_65/jre/bin;C:/Program Files/Java/jdk1.8.0_65/jre/lib/amd64;C:\ProgramData\Oracle\Java\javapath;C:\Windows\system32;C:\Windows;C:\Windows\System32\Wbem;C:\Windows\System32\WindowsPowerShell\v1.0\;C:\Program Files (x86)\Bitvise SSH Client;C:\Program Files (x86)\CMake\bin;c:\Program Files (x86)\Microsoft SQL Server\100\Tools\Binn\;c:\Program Files\Microsoft SQL Server\100\Tools\Binn\;c:\Program Files\Microsoft SQL Server\100\DTS\Binn\;C:\Program Files (x86)\Git\cmd;C:\Program Files\Microsoft SQL Server\110\Tools\Binn\;C:\Program Files (x86)\Brackets\command;C:\Program Files (x86)\Skype\Phone\;C:\Windows\system32;
USERNAME=skeezer
OS=Windows_NT
PROCESSOR_IDENTIFIER=Intel64 Family 6 Model 37 Stepping 5, GenuineIntel



---------------  S Y S T E M  ---------------

OS: Windows 7 , 64 bit Build 7601 (6.1.7601.17514)

CPU:total 2 (2 cores per cpu, 1 threads per core) family 6 model 37 stepping 5, cmov, cx8, fxsr, mmx, sse, sse2, sse3, ssse3, popcnt, tsc, tscinvbit

Memory: 4k page, physical 3857104k(844100k free), swap 7712364k(2995276k free)

vm_info: Java HotSpot(TM) 64-Bit Server VM (25.65-b01) for windows-amd64 JRE (1.8.0_65-b17), built on Oct  6 2015 16:39:20 by "java_re" with MS VC++ 10.0 (VS2010)

time: Thu Nov 03 01:13:55 2016
elapsed time: 5 seconds (0d 0h 0m 5s)

